Using pre-set license
Built from '2020.3/staging' branch; Version is '2020.3.14f1 (d0d1bb862f9d) revision 13685179'; Using compiler version '192528614'; Build Type 'Release'
OS: 'Windows 10 Pro; OS build 19043.1083; Version 2009; 64bit' Language: 'ko' Physical Memory: 16315 MB
BatchMode: 1, IsHumanControllingUs: 0, StartBugReporterOnCrash: 0, Is64bit: 1, IsPro: 0

 COMMAND LINE ARGUMENTS:
C:\Program Files\Unity\Hub\Editor\2020.3.14f1\Editor\Unity.exe
-adb2
-batchMode
-noUpm
-name
AssetImportWorker0
-projectPath
D:/Projects/Unity/ShaderStudy
-logFile
Logs/AssetImportWorker0.log
-srvPort
1775
Successfully changed project path to: D:/Projects/Unity/ShaderStudy
D:/Projects/Unity/ShaderStudy
Using Asset Import Pipeline V2.
Refreshing native plugins compatible for Editor in 46.09 ms, found 2 plugins.
Preloading 0 native plugins for Editor in 0.00 ms.
Initialize engine version: 2020.3.14f1 (d0d1bb862f9d)
[Subsystems] Discovering subsystems at path C:/Program Files/Unity/Hub/Editor/2020.3.14f1/Editor/Data/Resources/UnitySubsystems
[Subsystems] Discovering subsystems at path D:/Projects/Unity/ShaderStudy/Assets
GfxDevice: creating device client; threaded=0
Direct3D:
    Version:  Direct3D 11.0 [level 11.1]
    Renderer: Radeon RX 570 Series (ID=0x67df)
    Vendor:   
    VRAM:     4075 MB
    Driver:   27.20.22001.16006
Initialize mono
Mono path[0] = 'C:/Program Files/Unity/Hub/Editor/2020.3.14f1/Editor/Data/Managed'
Mono path[1] = 'C:/Program Files/Unity/Hub/Editor/2020.3.14f1/Editor/Data/MonoBleedingEdge/lib/mono/unityjit'
Mono config path = 'C:/Program Files/Unity/Hub/Editor/2020.3.14f1/Editor/Data/MonoBleedingEdge/etc'
Using monoOptions --debugger-agent=transport=dt_socket,embedding=1,server=y,suspend=n,address=127.0.0.1:56680
Begin MonoManager ReloadAssembly
Registering precompiled unity dll's ...
Register platform support module: C:/Program Files/Unity/Hub/Editor/2020.3.14f1/Editor/Data/PlaybackEngines/WindowsStandaloneSupport/UnityEditor.WindowsStandalone.Extensions.dll
Registered in 0.002998 seconds.
Native extension for WindowsStandalone target not found
Refreshing native plugins compatible for Editor in 33.19 ms, found 2 plugins.
Preloading 0 native plugins for Editor in 0.00 ms.
Mono: successfully reloaded assembly
- Completed reload, in  1.968 seconds
Domain Reload Profiling:
	ReloadAssembly (1968ms)
		BeginReloadAssembly (73ms)
			ExecutionOrderSort (0ms)
			DisableScriptedObjects (0ms)
			BackupInstance (0ms)
			ReleaseScriptingObjects (0ms)
			CreateAndSetChildDomain (1ms)
		EndReloadAssembly (510ms)
			LoadAssemblies (70ms)
			RebuildTransferFunctionScriptingTraits (0ms)
			SetupTypeCache (185ms)
			ReleaseScriptCaches (0ms)
			RebuildScriptCaches (36ms)
			SetupLoadedEditorAssemblies (197ms)
				LogAssemblyErrors (0ms)
				InitializePlatformSupportModulesInManaged (5ms)
				SetLoadedEditorAssemblies (0ms)
				RefreshPlugins (33ms)
				BeforeProcessingInitializeOnLoad (13ms)
				ProcessInitializeOnLoadAttributes (106ms)
				ProcessInitializeOnLoadMethodAttributes (38ms)
				AfterProcessingInitializeOnLoad (0ms)
				EditorAssembliesLoaded (0ms)
			ExecutionOrderSort2 (0ms)
			AwakeInstancesAfterBackupRestoration (0ms)
Platform modules already initialized, skipping
Registering precompiled user dll's ...
Registered in 0.010173 seconds.
Begin MonoManager ReloadAssembly
Native extension for WindowsStandalone target not found
Refreshing native plugins compatible for Editor in 0.37 ms, found 2 plugins.
Preloading 0 native plugins for Editor in 0.00 ms.
Mono: successfully reloaded assembly
- Completed reload, in  1.278 seconds
Domain Reload Profiling:
	ReloadAssembly (1279ms)
		BeginReloadAssembly (189ms)
			ExecutionOrderSort (0ms)
			DisableScriptedObjects (6ms)
			BackupInstance (0ms)
			ReleaseScriptingObjects (0ms)
			CreateAndSetChildDomain (24ms)
		EndReloadAssembly (1004ms)
			LoadAssemblies (106ms)
			RebuildTransferFunctionScriptingTraits (0ms)
			SetupTypeCache (339ms)
			ReleaseScriptCaches (0ms)
			RebuildScriptCaches (51ms)
			SetupLoadedEditorAssemblies (390ms)
				LogAssemblyErrors (0ms)
				InitializePlatformSupportModulesInManaged (6ms)
				SetLoadedEditorAssemblies (1ms)
				RefreshPlugins (0ms)
				BeforeProcessingInitializeOnLoad (130ms)
				ProcessInitializeOnLoadAttributes (236ms)
				ProcessInitializeOnLoadMethodAttributes (6ms)
				AfterProcessingInitializeOnLoad (10ms)
				EditorAssembliesLoaded (0ms)
			ExecutionOrderSort2 (0ms)
			AwakeInstancesAfterBackupRestoration (8ms)
Platform modules already initialized, skipping
========================================================================
Worker process is ready to serve import requests
Launched and connected shader compiler UnityShaderCompiler.exe after 0.05 seconds
Refreshing native plugins compatible for Editor in 0.37 ms, found 2 plugins.
Preloading 0 native plugins for Editor in 0.00 ms.
Unloading 1391 Unused Serialized files (Serialized files now loaded: 0)
System memory in use before: 65.7 MB.
System memory in use after: 65.7 MB.

Unloading 19 unused Assets to reduce memory usage. Loaded Objects now: 1825.
Total: 2.235400 ms (FindLiveObjects: 0.191100 ms CreateObjectMapping: 0.043800 ms MarkObjects: 1.878400 ms  DeleteObjects: 0.120700 ms)

AssetImportParameters requested are different than current active one (requested -> active):
  requireTextureImportCompression: false -> true
  custom:framework-win-MediaFoundation: 216162199b28c13a410421893ffa2e32 -> 
  custom:video-decoder-ogg-theora: a1e56fd34408186e4bbccfd4996cb3dc -> 
  custom:container-muxer-webm: aa71ff27fc2769a1b78a27578f13a17b -> 
  custom:container-demuxer-webm: 4f35f7cbe854078d1ac9338744f61a02 -> 
  custom:container-demuxer-ogg: 62fdf1f143b41e24485cea50d1cbac27 -> 
  custom:video-encoder-webm-vp8: eb34c28f22e8b96e1ab97ce403110664 -> 
  custom:video-decoder-webm-vp8: 9c59270c3fd7afecdb556c50c9e8de78 -> 
  custom:audio-decoder-ogg-vorbis: bf7c407c2cedff20999df2af8eb42d56 -> 
  custom:audio-encoder-webm-vorbis: bf7c407c2cedff20999df2af8eb42d56 -> 
========================================================================
Received Import Request.
  path: Assets/New Material.mat
  artifactKey: Guid(feaa7166b707f214290eff59623425e5) Importer(815301076,1909f56bfc062723c751e8b465ee728b)
Start importing Assets/New Material.mat using Guid(feaa7166b707f214290eff59623425e5) Importer(815301076,1909f56bfc062723c751e8b465ee728b)  -> (artifact id: '6b6e35fa872e428debf2f7666e9492e1') in 0.146780 seconds 
  Import took 0.150430 seconds .

========================================================================
Received Import Request.
  Time since last request: 165.436598 seconds.
  path: Assets/NewSurfaceShader.shader
  artifactKey: Guid(89014f9fcc4fd3649924bf05327be074) Importer(815301076,1909f56bfc062723c751e8b465ee728b)
Start importing Assets/NewSurfaceShader.shader using Guid(89014f9fcc4fd3649924bf05327be074) Importer(815301076,1909f56bfc062723c751e8b465ee728b)  -> (artifact id: 'd9b65e35f43301f6911be09bf5f52b4e') in 0.005719 seconds 
  Import took 0.009446 seconds .

========================================================================
Received Import Request.
  Time since last request: 0.034960 seconds.
  path: Assets/NewSurfaceShader.shader
  artifactKey: Guid(89014f9fcc4fd3649924bf05327be074) Importer(815301076,1909f56bfc062723c751e8b465ee728b)
Start importing Assets/NewSurfaceShader.shader using Guid(89014f9fcc4fd3649924bf05327be074) Importer(815301076,1909f56bfc062723c751e8b465ee728b)  -> (artifact id: 'd9b65e35f43301f6911be09bf5f52b4e') in 0.002048 seconds 
  Import took 0.004599 seconds .

========================================================================
Received Import Request.
  Time since last request: 56.593010 seconds.
  path: Assets/NewSurfaceShader.shader
  artifactKey: Guid(89014f9fcc4fd3649924bf05327be074) Importer(815301076,1909f56bfc062723c751e8b465ee728b)
Start importing Assets/NewSurfaceShader.shader using Guid(89014f9fcc4fd3649924bf05327be074) Importer(815301076,1909f56bfc062723c751e8b465ee728b)  -> (artifact id: '3a4570c1584a6bd45814bc60aec1f981') in 0.002100 seconds 
  Import took 0.004788 seconds .

========================================================================
Received Import Request.
  Time since last request: 0.000914 seconds.
  path: Assets/NewSurfaceShader.shader
  artifactKey: Guid(89014f9fcc4fd3649924bf05327be074) Importer(815301076,1909f56bfc062723c751e8b465ee728b)
Start importing Assets/NewSurfaceShader.shader using Guid(89014f9fcc4fd3649924bf05327be074) Importer(815301076,1909f56bfc062723c751e8b465ee728b)  -> (artifact id: '3a4570c1584a6bd45814bc60aec1f981') in 0.001778 seconds 
  Import took 0.003947 seconds .

========================================================================
Received Import Request.
  Time since last request: 134.924803 seconds.
  path: Assets/NewSurfaceShader.shader
  artifactKey: Guid(89014f9fcc4fd3649924bf05327be074) Importer(815301076,1909f56bfc062723c751e8b465ee728b)
Start importing Assets/NewSurfaceShader.shader using Guid(89014f9fcc4fd3649924bf05327be074) Importer(815301076,1909f56bfc062723c751e8b465ee728b)  -> (artifact id: '5385465517dd02236273cca48b35fe44') in 0.001832 seconds 
  Import took 0.004494 seconds .

========================================================================
Received Import Request.
  Time since last request: 73.686255 seconds.
  path: Assets/NewSurfaceShader.shader
  artifactKey: Guid(89014f9fcc4fd3649924bf05327be074) Importer(815301076,1909f56bfc062723c751e8b465ee728b)
Start importing Assets/NewSurfaceShader.shader using Guid(89014f9fcc4fd3649924bf05327be074) Importer(815301076,1909f56bfc062723c751e8b465ee728b)  -> (artifact id: '1e4909f984206fd1fd11a3dea43a6103') in 0.001981 seconds 
  Import took 0.004418 seconds .

========================================================================
Received Import Request.
  Time since last request: 29.495712 seconds.
  path: Assets/NewSurfaceShader.shader
  artifactKey: Guid(89014f9fcc4fd3649924bf05327be074) Importer(815301076,1909f56bfc062723c751e8b465ee728b)
Start importing Assets/NewSurfaceShader.shader using Guid(89014f9fcc4fd3649924bf05327be074) Importer(815301076,1909f56bfc062723c751e8b465ee728b)  -> (artifact id: '925fd967324626a30d66117636696e66') in 0.001838 seconds 
  Import took 0.004342 seconds .

========================================================================
Received Import Request.
  Time since last request: 44.427093 seconds.
  path: Assets/Custom_NewSurfaceShader.mat
  artifactKey: Guid(9fdf59161f8119b44a95a8637df690d2) Importer(815301076,1909f56bfc062723c751e8b465ee728b)
Start importing Assets/Custom_NewSurfaceShader.mat using Guid(9fdf59161f8119b44a95a8637df690d2) Importer(815301076,1909f56bfc062723c751e8b465ee728b)  -> (artifact id: 'c91e58f95430daf0f02b14ac6eca9158') in 0.010752 seconds 
  Import took 0.013699 seconds .

AssetImportWorkerClient::OnTransportError - code=2 error=End of file
