Using pre-set license
Built from '2020.3/staging' branch; Version is '2020.3.14f1 (d0d1bb862f9d) revision 13685179'; Using compiler version '192528614'; Build Type 'Release'
OS: 'Windows 10 Pro; OS build 19043.1110; Version 2009; 64bit' Language: 'ko' Physical Memory: 16315 MB
BatchMode: 1, IsHumanControllingUs: 0, StartBugReporterOnCrash: 0, Is64bit: 1, IsPro: 0

 COMMAND LINE ARGUMENTS:
C:\Program Files\Unity\Hub\Editor\2020.3.14f1\Editor\Unity.exe
-adb2
-batchMode
-noUpm
-name
AssetImportWorker0
-projectPath
D:/Projects/Unity/ShaderStudy
-logFile
Logs/AssetImportWorker0.log
-srvPort
3391
Successfully changed project path to: D:/Projects/Unity/ShaderStudy
D:/Projects/Unity/ShaderStudy
Using Asset Import Pipeline V2.
Refreshing native plugins compatible for Editor in 39.96 ms, found 2 plugins.
Preloading 0 native plugins for Editor in 0.00 ms.
Initialize engine version: 2020.3.14f1 (d0d1bb862f9d)
[Subsystems] Discovering subsystems at path C:/Program Files/Unity/Hub/Editor/2020.3.14f1/Editor/Data/Resources/UnitySubsystems
[Subsystems] Discovering subsystems at path D:/Projects/Unity/ShaderStudy/Assets
GfxDevice: creating device client; threaded=0
Direct3D:
    Version:  Direct3D 11.0 [level 11.1]
    Renderer: Radeon RX 570 Series (ID=0x67df)
    Vendor:   
    VRAM:     4075 MB
    Driver:   27.20.22017.1004
Initialize mono
Mono path[0] = 'C:/Program Files/Unity/Hub/Editor/2020.3.14f1/Editor/Data/Managed'
Mono path[1] = 'C:/Program Files/Unity/Hub/Editor/2020.3.14f1/Editor/Data/MonoBleedingEdge/lib/mono/unityjit'
Mono config path = 'C:/Program Files/Unity/Hub/Editor/2020.3.14f1/Editor/Data/MonoBleedingEdge/etc'
Using monoOptions --debugger-agent=transport=dt_socket,embedding=1,server=y,suspend=n,address=127.0.0.1:56924
Begin MonoManager ReloadAssembly
Registering precompiled unity dll's ...
Register platform support module: C:/Program Files/Unity/Hub/Editor/2020.3.14f1/Editor/Data/PlaybackEngines/WindowsStandaloneSupport/UnityEditor.WindowsStandalone.Extensions.dll
Registered in 0.246849 seconds.
Native extension for WindowsStandalone target not found
Refreshing native plugins compatible for Editor in 37.33 ms, found 2 plugins.
Preloading 0 native plugins for Editor in 0.00 ms.
Mono: successfully reloaded assembly
- Completed reload, in  6.062 seconds
Domain Reload Profiling:
	ReloadAssembly (6062ms)
		BeginReloadAssembly (125ms)
			ExecutionOrderSort (0ms)
			DisableScriptedObjects (0ms)
			BackupInstance (0ms)
			ReleaseScriptingObjects (0ms)
			CreateAndSetChildDomain (2ms)
		EndReloadAssembly (608ms)
			LoadAssemblies (128ms)
			RebuildTransferFunctionScriptingTraits (0ms)
			SetupTypeCache (224ms)
			ReleaseScriptCaches (0ms)
			RebuildScriptCaches (39ms)
			SetupLoadedEditorAssemblies (206ms)
				LogAssemblyErrors (0ms)
				InitializePlatformSupportModulesInManaged (7ms)
				SetLoadedEditorAssemblies (1ms)
				RefreshPlugins (37ms)
				BeforeProcessingInitializeOnLoad (13ms)
				ProcessInitializeOnLoadAttributes (109ms)
				ProcessInitializeOnLoadMethodAttributes (38ms)
				AfterProcessingInitializeOnLoad (0ms)
				EditorAssembliesLoaded (0ms)
			ExecutionOrderSort2 (0ms)
			AwakeInstancesAfterBackupRestoration (0ms)
Platform modules already initialized, skipping
Registering precompiled user dll's ...
Registered in 0.024490 seconds.
Begin MonoManager ReloadAssembly
Native extension for WindowsStandalone target not found
Refreshing native plugins compatible for Editor in 0.50 ms, found 2 plugins.
Preloading 0 native plugins for Editor in 0.00 ms.
Mono: successfully reloaded assembly
- Completed reload, in  1.470 seconds
Domain Reload Profiling:
	ReloadAssembly (1471ms)
		BeginReloadAssembly (196ms)
			ExecutionOrderSort (0ms)
			DisableScriptedObjects (6ms)
			BackupInstance (0ms)
			ReleaseScriptingObjects (0ms)
			CreateAndSetChildDomain (22ms)
		EndReloadAssembly (1190ms)
			LoadAssemblies (232ms)
			RebuildTransferFunctionScriptingTraits (0ms)
			SetupTypeCache (348ms)
			ReleaseScriptCaches (0ms)
			RebuildScriptCaches (51ms)
			SetupLoadedEditorAssemblies (412ms)
				LogAssemblyErrors (0ms)
				InitializePlatformSupportModulesInManaged (7ms)
				SetLoadedEditorAssemblies (1ms)
				RefreshPlugins (1ms)
				BeforeProcessingInitializeOnLoad (110ms)
				ProcessInitializeOnLoadAttributes (278ms)
				ProcessInitializeOnLoadMethodAttributes (5ms)
				AfterProcessingInitializeOnLoad (10ms)
				EditorAssembliesLoaded (1ms)
			ExecutionOrderSort2 (0ms)
			AwakeInstancesAfterBackupRestoration (9ms)
Platform modules already initialized, skipping
========================================================================
Worker process is ready to serve import requests
Launched and connected shader compiler UnityShaderCompiler.exe after 0.19 seconds
Refreshing native plugins compatible for Editor in 0.35 ms, found 2 plugins.
Preloading 0 native plugins for Editor in 0.00 ms.
Unloading 1392 Unused Serialized files (Serialized files now loaded: 0)
System memory in use before: 65.6 MB.
System memory in use after: 65.7 MB.

Unloading 19 unused Assets to reduce memory usage. Loaded Objects now: 1825.
Total: 2.553100 ms (FindLiveObjects: 0.241100 ms CreateObjectMapping: 0.062000 ms MarkObjects: 2.144200 ms  DeleteObjects: 0.102900 ms)

AssetImportParameters requested are different than current active one (requested -> active):
  requireTextureImportCompression: false -> true
  custom:framework-win-MediaFoundation: 216162199b28c13a410421893ffa2e32 -> 
  custom:video-decoder-ogg-theora: a1e56fd34408186e4bbccfd4996cb3dc -> 
  custom:container-muxer-webm: aa71ff27fc2769a1b78a27578f13a17b -> 
  custom:container-demuxer-webm: 4f35f7cbe854078d1ac9338744f61a02 -> 
  custom:container-demuxer-ogg: 62fdf1f143b41e24485cea50d1cbac27 -> 
  custom:video-encoder-webm-vp8: eb34c28f22e8b96e1ab97ce403110664 -> 
  custom:video-decoder-webm-vp8: 9c59270c3fd7afecdb556c50c9e8de78 -> 
  custom:audio-decoder-ogg-vorbis: bf7c407c2cedff20999df2af8eb42d56 -> 
  custom:audio-encoder-webm-vorbis: bf7c407c2cedff20999df2af8eb42d56 -> 
========================================================================
Received Import Request.
  path: Assets/NewSurfaceShader.shader
  artifactKey: Guid(89014f9fcc4fd3649924bf05327be074) Importer(815301076,1909f56bfc062723c751e8b465ee728b)
Start importing Assets/NewSurfaceShader.shader using Guid(89014f9fcc4fd3649924bf05327be074) Importer(815301076,1909f56bfc062723c751e8b465ee728b)  -> (artifact id: '3a4570c1584a6bd45814bc60aec1f981') in 0.052741 seconds 
  Import took 0.055976 seconds .

========================================================================
Received Import Request.
  Time since last request: 84.008424 seconds.
  path: Assets/NewSurfaceShader.shader
  artifactKey: Guid(89014f9fcc4fd3649924bf05327be074) Importer(815301076,1909f56bfc062723c751e8b465ee728b)
Start importing Assets/NewSurfaceShader.shader using Guid(89014f9fcc4fd3649924bf05327be074) Importer(815301076,1909f56bfc062723c751e8b465ee728b)  -> (artifact id: '4bac5f28ab0bfcb49744051c792a8b1e') in 0.002135 seconds 
  Import took 0.005772 seconds .

========================================================================
Received Import Request.
  Time since last request: 50.957097 seconds.
  path: Assets/NewSurfaceShader.shader
  artifactKey: Guid(89014f9fcc4fd3649924bf05327be074) Importer(815301076,1909f56bfc062723c751e8b465ee728b)
Start importing Assets/NewSurfaceShader.shader using Guid(89014f9fcc4fd3649924bf05327be074) Importer(815301076,1909f56bfc062723c751e8b465ee728b)  -> (artifact id: '247f355dadf405a10294921e9800872c') in 0.002267 seconds 
  Import took 0.005800 seconds .

========================================================================
Received Import Request.
  Time since last request: 117.789725 seconds.
  path: Assets/NewSurfaceShader.shader
  artifactKey: Guid(89014f9fcc4fd3649924bf05327be074) Importer(815301076,1909f56bfc062723c751e8b465ee728b)
Start importing Assets/NewSurfaceShader.shader using Guid(89014f9fcc4fd3649924bf05327be074) Importer(815301076,1909f56bfc062723c751e8b465ee728b)  -> (artifact id: '403426eae1abca93ab45c227231820c0') in 0.001970 seconds 
  Import took 0.005484 seconds .

========================================================================
Received Import Request.
  Time since last request: 621.067360 seconds.
  path: Assets/Custom_NewSurfaceShader.mat
  artifactKey: Guid(9fdf59161f8119b44a95a8637df690d2) Importer(815301076,1909f56bfc062723c751e8b465ee728b)
Start importing Assets/Custom_NewSurfaceShader.mat using Guid(9fdf59161f8119b44a95a8637df690d2) Importer(815301076,1909f56bfc062723c751e8b465ee728b)  -> (artifact id: '39d7b0d5b422d0d6108de0ec1b58f97a') in 0.326873 seconds 
  Import took 0.330250 seconds .

========================================================================
Received Import Request.
  Time since last request: 48.490308 seconds.
  path: Assets/Custom_NewSurfaceShader.mat
  artifactKey: Guid(9fdf59161f8119b44a95a8637df690d2) Importer(815301076,1909f56bfc062723c751e8b465ee728b)
Start importing Assets/Custom_NewSurfaceShader.mat using Guid(9fdf59161f8119b44a95a8637df690d2) Importer(815301076,1909f56bfc062723c751e8b465ee728b)  -> (artifact id: '5338ada0af7fca4de45355b2fd7efd13') in 0.015041 seconds 
  Import took 0.018215 seconds .

